/home/riccardofeingold/ros2_learning/install/arm_robot/lib/python3.10/site-packages/arm_robot/__init__.py
/home/riccardofeingold/ros2_learning/install/arm_robot/lib/python3.10/site-packages/arm_robot/__pycache__/__init__.cpython-310.pyc
/home/riccardofeingold/ros2_learning/install/arm_robot/share/ament_index/resource_index/packages/arm_robot
/home/riccardofeingold/ros2_learning/install/arm_robot/share/arm_robot/package.xml
/home/riccardofeingold/ros2_learning/install/arm_robot/share/arm_robot/arm_launch.py
/home/riccardofeingold/ros2_learning/install/arm_robot/share/arm_robot/arm_sensor_launch.py
/home/riccardofeingold/ros2_learning/install/arm_robot/share/arm_robot/materials.xacro
/home/riccardofeingold/ros2_learning/install/arm_robot/share/arm_robot/arm.urdf.xacro
/home/riccardofeingold/ros2_learning/install/arm_robot/share/arm_robot/arm_sensor.urdf.xacro
/home/riccardofeingold/ros2_learning/install/arm_robot/share/arm_robot/arm_description.urdf.xacro
/home/riccardofeingold/ros2_learning/install/arm_robot/share/arm_robot/inertials.xacro
/home/riccardofeingold/ros2_learning/install/arm_robot/share/arm_robot/arm_sensor_gazebo.xacro
/home/riccardofeingold/ros2_learning/install/arm_robot/share/arm_robot/arm.ros2_control.xacro
/home/riccardofeingold/ros2_learning/install/arm_robot/share/arm_robot/arm_sensor.rviz
/home/riccardofeingold/ros2_learning/install/arm_robot/share/arm_robot/arm.rviz
/home/riccardofeingold/ros2_learning/install/arm_robot/lib/python3.10/site-packages/arm_robot-0.0.0-py3.10.egg-info/PKG-INFO
/home/riccardofeingold/ros2_learning/install/arm_robot/lib/python3.10/site-packages/arm_robot-0.0.0-py3.10.egg-info/requires.txt
/home/riccardofeingold/ros2_learning/install/arm_robot/lib/python3.10/site-packages/arm_robot-0.0.0-py3.10.egg-info/top_level.txt
/home/riccardofeingold/ros2_learning/install/arm_robot/lib/python3.10/site-packages/arm_robot-0.0.0-py3.10.egg-info/zip-safe
/home/riccardofeingold/ros2_learning/install/arm_robot/lib/python3.10/site-packages/arm_robot-0.0.0-py3.10.egg-info/entry_points.txt
/home/riccardofeingold/ros2_learning/install/arm_robot/lib/python3.10/site-packages/arm_robot-0.0.0-py3.10.egg-info/dependency_links.txt
/home/riccardofeingold/ros2_learning/install/arm_robot/lib/python3.10/site-packages/arm_robot-0.0.0-py3.10.egg-info/SOURCES.txt
