running egg_info
creating ../../build/arm_robot/arm_robot.egg-info
writing ../../build/arm_robot/arm_robot.egg-info/PKG-INFO
writing dependency_links to ../../build/arm_robot/arm_robot.egg-info/dependency_links.txt
writing entry points to ../../build/arm_robot/arm_robot.egg-info/entry_points.txt
writing requirements to ../../build/arm_robot/arm_robot.egg-info/requires.txt
writing top-level names to ../../build/arm_robot/arm_robot.egg-info/top_level.txt
writing manifest file '../../build/arm_robot/arm_robot.egg-info/SOURCES.txt'
reading manifest file '../../build/arm_robot/arm_robot.egg-info/SOURCES.txt'
writing manifest file '../../build/arm_robot/arm_robot.egg-info/SOURCES.txt'
running build
running build_py
creating /home/parallels/magnecko/ros2_learning/build/arm_robot/build
creating /home/parallels/magnecko/ros2_learning/build/arm_robot/build/lib
creating /home/parallels/magnecko/ros2_learning/build/arm_robot/build/lib/arm_robot
copying arm_robot/__init__.py -> /home/parallels/magnecko/ros2_learning/build/arm_robot/build/lib/arm_robot
running install
/usr/lib/python3/dist-packages/setuptools/command/install.py:34: SetuptoolsDeprecationWarning: setup.py install is deprecated. Use build and pip and other standards-based tools.
  warnings.warn(
running install_lib
creating /home/parallels/magnecko/ros2_learning/install/arm_robot/lib/python3.10/site-packages/arm_robot
copying /home/parallels/magnecko/ros2_learning/build/arm_robot/build/lib/arm_robot/__init__.py -> /home/parallels/magnecko/ros2_learning/install/arm_robot/lib/python3.10/site-packages/arm_robot
byte-compiling /home/parallels/magnecko/ros2_learning/install/arm_robot/lib/python3.10/site-packages/arm_robot/__init__.py to __init__.cpython-310.pyc
running install_data
creating /home/parallels/magnecko/ros2_learning/install/arm_robot/share/ament_index
creating /home/parallels/magnecko/ros2_learning/install/arm_robot/share/ament_index/resource_index
creating /home/parallels/magnecko/ros2_learning/install/arm_robot/share/ament_index/resource_index/packages
copying resource/arm_robot -> /home/parallels/magnecko/ros2_learning/install/arm_robot/share/ament_index/resource_index/packages
copying package.xml -> /home/parallels/magnecko/ros2_learning/install/arm_robot/share/arm_robot
copying launch/arm_launch.py -> /home/parallels/magnecko/ros2_learning/install/arm_robot/share/arm_robot
copying launch/arm_sensor_launch.py -> /home/parallels/magnecko/ros2_learning/install/arm_robot/share/arm_robot
copying description/arm_description.urdf.xacro -> /home/parallels/magnecko/ros2_learning/install/arm_robot/share/arm_robot
copying description/arm.ros2_control.xacro -> /home/parallels/magnecko/ros2_learning/install/arm_robot/share/arm_robot
copying description/inertials.urdf.xacro -> /home/parallels/magnecko/ros2_learning/install/arm_robot/share/arm_robot
copying description/arm.urdf.xacro -> /home/parallels/magnecko/ros2_learning/install/arm_robot/share/arm_robot
copying description/arm_sensor.urdf.xacro -> /home/parallels/magnecko/ros2_learning/install/arm_robot/share/arm_robot
copying config/arm.rviz -> /home/parallels/magnecko/ros2_learning/install/arm_robot/share/arm_robot
running install_egg_info
Copying ../../build/arm_robot/arm_robot.egg-info to /home/parallels/magnecko/ros2_learning/install/arm_robot/lib/python3.10/site-packages/arm_robot-0.0.0-py3.10.egg-info
running install_scripts
writing list of installed files to '/home/parallels/magnecko/ros2_learning/build/arm_robot/install.log'
