[0.227s] DEBUG:colcon:Command line arguments: ['/usr/bin/colcon', 'build']
[0.227s] DEBUG:colcon:Parsed command line arguments: Namespace(log_base=None, log_level=None, verb_name='build', build_base='build', install_base='install', merge_install=False, symlink_install=False, test_result_base=None, continue_on_error=False, executor='parallel', parallel_workers=4, event_handlers=None, ignore_user_meta=False, metas=['./colcon.meta'], base_paths=['.'], packages_ignore=None, packages_ignore_regex=None, paths=None, packages_up_to=None, packages_up_to_regex=None, packages_above=None, packages_above_and_dependencies=None, packages_above_depth=None, packages_select_by_dep=None, packages_skip_by_dep=None, packages_skip_up_to=None, packages_select_build_failed=False, packages_skip_build_finished=False, packages_select_test_failures=False, packages_skip_test_passed=False, packages_select=None, packages_skip=None, packages_select_regex=None, packages_skip_regex=None, packages_start=None, packages_end=None, allow_overriding=[], cmake_args=None, cmake_target=None, cmake_target_skip_unavailable=False, cmake_clean_cache=False, cmake_clean_first=False, cmake_force_configure=False, ament_cmake_args=None, catkin_cmake_args=None, catkin_skip_building_tests=False, verb_parser=<colcon_defaults.argument_parser.defaults.DefaultArgumentsDecorator object at 0x7eff442033d0>, verb_extension=<colcon_core.verb.build.BuildVerb object at 0x7eff44b44b50>, main=<bound method BuildVerb.main of <colcon_core.verb.build.BuildVerb object at 0x7eff44b44b50>>)
[0.244s] Level 1:colcon.colcon_core.package_discovery:discover_packages(colcon_meta) check parameters
[0.244s] Level 1:colcon.colcon_core.package_discovery:discover_packages(recursive) check parameters
[0.244s] Level 1:colcon.colcon_core.package_discovery:discover_packages(ignore) check parameters
[0.244s] Level 1:colcon.colcon_core.package_discovery:discover_packages(path) check parameters
[0.244s] Level 1:colcon.colcon_core.package_discovery:discover_packages(colcon_meta) discover
[0.244s] Level 1:colcon.colcon_core.package_discovery:discover_packages(recursive) discover
[0.244s] INFO:colcon.colcon_core.package_discovery:Crawling recursively for packages in '/home/parallels/magnecko/ros2_learning'
[0.244s] Level 1:colcon.colcon_core.package_identification:_identify(.) by extensions ['ignore', 'ignore_ament_install']
[0.244s] Level 1:colcon.colcon_core.package_identification:_identify(.) by extension 'ignore'
[0.244s] Level 1:colcon.colcon_core.package_identification:_identify(.) by extension 'ignore_ament_install'
[0.245s] Level 1:colcon.colcon_core.package_identification:_identify(.) by extensions ['colcon_pkg']
[0.245s] Level 1:colcon.colcon_core.package_identification:_identify(.) by extension 'colcon_pkg'
[0.245s] Level 1:colcon.colcon_core.package_identification:_identify(.) by extensions ['colcon_meta']
[0.245s] Level 1:colcon.colcon_core.package_identification:_identify(.) by extension 'colcon_meta'
[0.245s] Level 1:colcon.colcon_core.package_identification:_identify(.) by extensions ['ros']
[0.245s] Level 1:colcon.colcon_core.package_identification:_identify(.) by extension 'ros'
[0.258s] Level 1:colcon.colcon_core.package_identification:_identify(.) by extensions ['cmake', 'python']
[0.258s] Level 1:colcon.colcon_core.package_identification:_identify(.) by extension 'cmake'
[0.258s] Level 1:colcon.colcon_core.package_identification:_identify(.) by extension 'python'
[0.258s] Level 1:colcon.colcon_core.package_identification:_identify(.) by extensions ['python_setup_py']
[0.258s] Level 1:colcon.colcon_core.package_identification:_identify(.) by extension 'python_setup_py'
[0.258s] Level 1:colcon.colcon_core.package_identification:_identify(build) by extensions ['ignore', 'ignore_ament_install']
[0.258s] Level 1:colcon.colcon_core.package_identification:_identify(build) by extension 'ignore'
[0.258s] Level 1:colcon.colcon_core.package_identification:_identify(build) ignored
[0.258s] Level 1:colcon.colcon_core.package_identification:_identify(install) by extensions ['ignore', 'ignore_ament_install']
[0.258s] Level 1:colcon.colcon_core.package_identification:_identify(install) by extension 'ignore'
[0.258s] Level 1:colcon.colcon_core.package_identification:_identify(install) ignored
[0.259s] Level 1:colcon.colcon_core.package_identification:_identify(log) by extensions ['ignore', 'ignore_ament_install']
[0.259s] Level 1:colcon.colcon_core.package_identification:_identify(log) by extension 'ignore'
[0.259s] Level 1:colcon.colcon_core.package_identification:_identify(log) ignored
[0.259s] Level 1:colcon.colcon_core.package_identification:_identify(src) by extensions ['ignore', 'ignore_ament_install']
[0.259s] Level 1:colcon.colcon_core.package_identification:_identify(src) by extension 'ignore'
[0.259s] Level 1:colcon.colcon_core.package_identification:_identify(src) by extension 'ignore_ament_install'
[0.259s] Level 1:colcon.colcon_core.package_identification:_identify(src) by extensions ['colcon_pkg']
[0.259s] Level 1:colcon.colcon_core.package_identification:_identify(src) by extension 'colcon_pkg'
[0.259s] Level 1:colcon.colcon_core.package_identification:_identify(src) by extensions ['colcon_meta']
[0.259s] Level 1:colcon.colcon_core.package_identification:_identify(src) by extension 'colcon_meta'
[0.259s] Level 1:colcon.colcon_core.package_identification:_identify(src) by extensions ['ros']
[0.259s] Level 1:colcon.colcon_core.package_identification:_identify(src) by extension 'ros'
[0.259s] Level 1:colcon.colcon_core.package_identification:_identify(src) by extensions ['cmake', 'python']
[0.259s] Level 1:colcon.colcon_core.package_identification:_identify(src) by extension 'cmake'
[0.259s] Level 1:colcon.colcon_core.package_identification:_identify(src) by extension 'python'
[0.259s] Level 1:colcon.colcon_core.package_identification:_identify(src) by extensions ['python_setup_py']
[0.259s] Level 1:colcon.colcon_core.package_identification:_identify(src) by extension 'python_setup_py'
[0.260s] Level 1:colcon.colcon_core.package_identification:_identify(src/arm_robot) by extensions ['ignore', 'ignore_ament_install']
[0.260s] Level 1:colcon.colcon_core.package_identification:_identify(src/arm_robot) by extension 'ignore'
[0.260s] Level 1:colcon.colcon_core.package_identification:_identify(src/arm_robot) by extension 'ignore_ament_install'
[0.260s] Level 1:colcon.colcon_core.package_identification:_identify(src/arm_robot) by extensions ['colcon_pkg']
[0.260s] Level 1:colcon.colcon_core.package_identification:_identify(src/arm_robot) by extension 'colcon_pkg'
[0.260s] Level 1:colcon.colcon_core.package_identification:_identify(src/arm_robot) by extensions ['colcon_meta']
[0.260s] Level 1:colcon.colcon_core.package_identification:_identify(src/arm_robot) by extension 'colcon_meta'
[0.260s] Level 1:colcon.colcon_core.package_identification:_identify(src/arm_robot) by extensions ['ros']
[0.260s] Level 1:colcon.colcon_core.package_identification:_identify(src/arm_robot) by extension 'ros'
[0.262s] DEBUG:colcon.colcon_core.package_identification:Package 'src/arm_robot' with type 'ros.ament_python' and name 'arm_robot'
[0.262s] Level 1:colcon.colcon_core.package_discovery:discover_packages(recursive) using defaults
[0.262s] Level 1:colcon.colcon_core.package_discovery:discover_packages(ignore) discover
[0.262s] Level 1:colcon.colcon_core.package_discovery:discover_packages(ignore) using defaults
[0.262s] Level 1:colcon.colcon_core.package_discovery:discover_packages(path) discover
[0.262s] Level 1:colcon.colcon_core.package_discovery:discover_packages(path) using defaults
[0.279s] Level 1:colcon.colcon_core.package_discovery:discover_packages(prefix_path) check parameters
[0.279s] Level 1:colcon.colcon_core.package_discovery:discover_packages(prefix_path) discover
[0.281s] DEBUG:colcon.colcon_installed_package_information.package_discovery:Found 1 installed packages in /home/parallels/magnecko/ros2_learning/install
[0.282s] DEBUG:colcon.colcon_installed_package_information.package_discovery:Found 6 installed packages in /home/parallels/magnecko/ros2_control_demos/install
[0.283s] DEBUG:colcon.colcon_installed_package_information.package_discovery:Found 338 installed packages in /opt/ros/humble
[0.284s] Level 1:colcon.colcon_core.package_discovery:discover_packages(prefix_path) using defaults
[0.334s] Level 5:colcon.colcon_core.verb:set package 'arm_robot' build argument 'cmake_args' from command line to 'None'
[0.334s] Level 5:colcon.colcon_core.verb:set package 'arm_robot' build argument 'cmake_target' from command line to 'None'
[0.334s] Level 5:colcon.colcon_core.verb:set package 'arm_robot' build argument 'cmake_target_skip_unavailable' from command line to 'False'
[0.334s] Level 5:colcon.colcon_core.verb:set package 'arm_robot' build argument 'cmake_clean_cache' from command line to 'False'
[0.334s] Level 5:colcon.colcon_core.verb:set package 'arm_robot' build argument 'cmake_clean_first' from command line to 'False'
[0.334s] Level 5:colcon.colcon_core.verb:set package 'arm_robot' build argument 'cmake_force_configure' from command line to 'False'
[0.334s] Level 5:colcon.colcon_core.verb:set package 'arm_robot' build argument 'ament_cmake_args' from command line to 'None'
[0.334s] Level 5:colcon.colcon_core.verb:set package 'arm_robot' build argument 'catkin_cmake_args' from command line to 'None'
[0.334s] Level 5:colcon.colcon_core.verb:set package 'arm_robot' build argument 'catkin_skip_building_tests' from command line to 'False'
[0.334s] DEBUG:colcon.colcon_core.verb:Building package 'arm_robot' with the following arguments: {'ament_cmake_args': None, 'build_base': '/home/parallels/magnecko/ros2_learning/build/arm_robot', 'catkin_cmake_args': None, 'catkin_skip_building_tests': False, 'cmake_args': None, 'cmake_clean_cache': False, 'cmake_clean_first': False, 'cmake_force_configure': False, 'cmake_target': None, 'cmake_target_skip_unavailable': False, 'install_base': '/home/parallels/magnecko/ros2_learning/install/arm_robot', 'merge_install': False, 'path': '/home/parallels/magnecko/ros2_learning/src/arm_robot', 'symlink_install': False, 'test_result_base': None}
[0.335s] INFO:colcon.colcon_core.executor:Executing jobs using 'parallel' executor
[0.338s] DEBUG:colcon.colcon_parallel_executor.executor.parallel:run_until_complete
[0.338s] INFO:colcon.colcon_ros.task.ament_python.build:Building ROS package in '/home/parallels/magnecko/ros2_learning/src/arm_robot' with build type 'ament_python'
[0.338s] Level 1:colcon.colcon_core.shell:create_environment_hook('arm_robot', 'ament_prefix_path')
[0.342s] INFO:colcon.colcon_core.plugin_system:Skipping extension 'colcon_core.shell.bat': Not used on non-Windows systems
[0.342s] INFO:colcon.colcon_core.shell:Creating environment hook '/home/parallels/magnecko/ros2_learning/install/arm_robot/share/arm_robot/hook/ament_prefix_path.ps1'
[0.343s] INFO:colcon.colcon_core.shell:Creating environment descriptor '/home/parallels/magnecko/ros2_learning/install/arm_robot/share/arm_robot/hook/ament_prefix_path.dsv'
[0.343s] INFO:colcon.colcon_core.shell:Creating environment hook '/home/parallels/magnecko/ros2_learning/install/arm_robot/share/arm_robot/hook/ament_prefix_path.sh'
[0.345s] INFO:colcon.colcon_core.shell:Skip shell extension 'powershell' for command environment: Not usable outside of PowerShell
[0.345s] DEBUG:colcon.colcon_core.shell:Skip shell extension 'dsv' for command environment
[0.534s] INFO:colcon.colcon_core.task.python.build:Building Python package in '/home/parallels/magnecko/ros2_learning/src/arm_robot'
[0.536s] INFO:colcon.colcon_core.shell:Skip shell extension 'powershell' for command environment: Not usable outside of PowerShell
[0.536s] DEBUG:colcon.colcon_core.shell:Skip shell extension 'dsv' for command environment
[0.774s] DEBUG:colcon.colcon_core.event_handler.log_command:Invoking command in '/home/parallels/magnecko/ros2_learning/src/arm_robot': PYTHONPATH=/home/parallels/magnecko/ros2_learning/install/arm_robot/lib/python3.10/site-packages:${PYTHONPATH} /usr/bin/python3 setup.py egg_info --egg-base ../../build/arm_robot build --build-base /home/parallels/magnecko/ros2_learning/build/arm_robot/build install --prefix /home/parallels/magnecko/ros2_learning/install/arm_robot --record /home/parallels/magnecko/ros2_learning/build/arm_robot/install.log --single-version-externally-managed
[0.992s] DEBUG:colcon.colcon_core.event_handler.log_command:Invoked command in '/home/parallels/magnecko/ros2_learning/src/arm_robot' returned '0': PYTHONPATH=/home/parallels/magnecko/ros2_learning/install/arm_robot/lib/python3.10/site-packages:${PYTHONPATH} /usr/bin/python3 setup.py egg_info --egg-base ../../build/arm_robot build --build-base /home/parallels/magnecko/ros2_learning/build/arm_robot/build install --prefix /home/parallels/magnecko/ros2_learning/install/arm_robot --record /home/parallels/magnecko/ros2_learning/build/arm_robot/install.log --single-version-externally-managed
[0.995s] Level 1:colcon.colcon_core.environment:checking '/home/parallels/magnecko/ros2_learning/install/arm_robot' for CMake module files
[0.995s] Level 1:colcon.colcon_core.environment:checking '/home/parallels/magnecko/ros2_learning/install/arm_robot' for CMake config files
[0.996s] Level 1:colcon.colcon_core.environment:checking '/home/parallels/magnecko/ros2_learning/install/arm_robot/lib'
[0.996s] Level 1:colcon.colcon_core.environment:checking '/home/parallels/magnecko/ros2_learning/install/arm_robot/bin'
[0.996s] Level 1:colcon.colcon_core.environment:checking '/home/parallels/magnecko/ros2_learning/install/arm_robot/lib/pkgconfig/arm_robot.pc'
[0.996s] Level 1:colcon.colcon_core.environment:checking '/home/parallels/magnecko/ros2_learning/install/arm_robot/lib/python3.10/site-packages'
[0.996s] Level 1:colcon.colcon_core.shell:create_environment_hook('arm_robot', 'pythonpath')
[0.997s] INFO:colcon.colcon_core.shell:Creating environment hook '/home/parallels/magnecko/ros2_learning/install/arm_robot/share/arm_robot/hook/pythonpath.ps1'
[0.998s] INFO:colcon.colcon_core.shell:Creating environment descriptor '/home/parallels/magnecko/ros2_learning/install/arm_robot/share/arm_robot/hook/pythonpath.dsv'
[0.998s] INFO:colcon.colcon_core.shell:Creating environment hook '/home/parallels/magnecko/ros2_learning/install/arm_robot/share/arm_robot/hook/pythonpath.sh'
[0.999s] Level 1:colcon.colcon_core.environment:checking '/home/parallels/magnecko/ros2_learning/install/arm_robot/bin'
[0.999s] Level 1:colcon.colcon_core.environment:create_environment_scripts_only(arm_robot)
[1.000s] INFO:colcon.colcon_core.shell:Creating package script '/home/parallels/magnecko/ros2_learning/install/arm_robot/share/arm_robot/package.ps1'
[1.001s] INFO:colcon.colcon_core.shell:Creating package descriptor '/home/parallels/magnecko/ros2_learning/install/arm_robot/share/arm_robot/package.dsv'
[1.001s] INFO:colcon.colcon_core.shell:Creating package script '/home/parallels/magnecko/ros2_learning/install/arm_robot/share/arm_robot/package.sh'
[1.002s] INFO:colcon.colcon_core.shell:Creating package script '/home/parallels/magnecko/ros2_learning/install/arm_robot/share/arm_robot/package.bash'
[1.002s] INFO:colcon.colcon_core.shell:Creating package script '/home/parallels/magnecko/ros2_learning/install/arm_robot/share/arm_robot/package.zsh'
[1.003s] Level 1:colcon.colcon_core.environment:create_file_with_runtime_dependencies(/home/parallels/magnecko/ros2_learning/install/arm_robot/share/colcon-core/packages/arm_robot)
[1.003s] DEBUG:colcon.colcon_parallel_executor.executor.parallel:closing loop
[1.004s] DEBUG:colcon.colcon_parallel_executor.executor.parallel:loop closed
[1.004s] DEBUG:colcon.colcon_parallel_executor.executor.parallel:run_until_complete finished with '0'
[1.004s] DEBUG:colcon.colcon_core.event_reactor:joining thread
[1.009s] INFO:colcon.colcon_core.plugin_system:Skipping extension 'colcon_notification.desktop_notification.terminal_notifier': Not used on non-Darwin systems
[1.009s] INFO:colcon.colcon_core.plugin_system:Skipping extension 'colcon_notification.desktop_notification.win32': Not used on non-Windows systems
[1.009s] INFO:colcon.colcon_notification.desktop_notification:Sending desktop notification using 'notify2'
[1.019s] DEBUG:colcon.colcon_core.event_reactor:joined thread
[1.020s] INFO:colcon.colcon_core.shell:Creating prefix script '/home/parallels/magnecko/ros2_learning/install/local_setup.ps1'
[1.021s] INFO:colcon.colcon_core.shell:Creating prefix util module '/home/parallels/magnecko/ros2_learning/install/_local_setup_util_ps1.py'
[1.022s] INFO:colcon.colcon_core.shell:Creating prefix chain script '/home/parallels/magnecko/ros2_learning/install/setup.ps1'
[1.023s] INFO:colcon.colcon_core.shell:Creating prefix script '/home/parallels/magnecko/ros2_learning/install/local_setup.sh'
[1.024s] INFO:colcon.colcon_core.shell:Creating prefix util module '/home/parallels/magnecko/ros2_learning/install/_local_setup_util_sh.py'
[1.024s] INFO:colcon.colcon_core.shell:Creating prefix chain script '/home/parallels/magnecko/ros2_learning/install/setup.sh'
[1.026s] INFO:colcon.colcon_core.shell:Creating prefix script '/home/parallels/magnecko/ros2_learning/install/local_setup.bash'
[1.027s] INFO:colcon.colcon_core.shell:Creating prefix chain script '/home/parallels/magnecko/ros2_learning/install/setup.bash'
[1.028s] INFO:colcon.colcon_core.shell:Creating prefix script '/home/parallels/magnecko/ros2_learning/install/local_setup.zsh'
[1.028s] INFO:colcon.colcon_core.shell:Creating prefix chain script '/home/parallels/magnecko/ros2_learning/install/setup.zsh'
