[0.311s] Invoking command in '/home/riccardofeingold/ros2_learning/build/arm_robot': PYTHONPATH=/home/riccardofeingold/ros2_learning/install/arm_robot/lib/python3.8/site-packages:${PYTHONPATH} /usr/bin/python3 setup.py develop --prefix /home/riccardofeingold/ros2_learning/install/arm_robot --uninstall --editable --build-directory /home/riccardofeingold/ros2_learning/build/arm_robot/build
[0.420s] running develop
[0.489s] Invoked command in '/home/riccardofeingold/ros2_learning/build/arm_robot' returned '0': PYTHONPATH=/home/riccardofeingold/ros2_learning/install/arm_robot/lib/python3.8/site-packages:${PYTHONPATH} /usr/bin/python3 setup.py develop --prefix /home/riccardofeingold/ros2_learning/install/arm_robot --uninstall --editable --build-directory /home/riccardofeingold/ros2_learning/build/arm_robot/build
[0.491s] Invoking command in '/home/riccardofeingold/ros2_learning/src/arm_robot': PYTHONPATH=/home/riccardofeingold/ros2_learning/install/arm_robot/lib/python3.8/site-packages:${PYTHONPATH} /usr/bin/python3 setup.py egg_info --egg-base ../../build/arm_robot build --build-base /home/riccardofeingold/ros2_learning/build/arm_robot/build install --prefix /home/riccardofeingold/ros2_learning/install/arm_robot --record /home/riccardofeingold/ros2_learning/build/arm_robot/install.log --single-version-externally-managed
[0.594s] running egg_info
[0.594s] writing ../../build/arm_robot/arm_robot.egg-info/PKG-INFO
[0.595s] writing dependency_links to ../../build/arm_robot/arm_robot.egg-info/dependency_links.txt
[0.595s] writing entry points to ../../build/arm_robot/arm_robot.egg-info/entry_points.txt
[0.595s] writing requirements to ../../build/arm_robot/arm_robot.egg-info/requires.txt
[0.595s] writing top-level names to ../../build/arm_robot/arm_robot.egg-info/top_level.txt
[0.613s] reading manifest file '../../build/arm_robot/arm_robot.egg-info/SOURCES.txt'
[0.613s] writing manifest file '../../build/arm_robot/arm_robot.egg-info/SOURCES.txt'
[0.614s] running build
[0.614s] running build_py
[0.614s] running install
[0.614s] running install_lib
[0.615s] running install_data
[0.615s] copying launch/arm_sensor_launch.py -> /home/riccardofeingold/ros2_learning/install/arm_robot/share/arm_robot
[0.615s] copying description/arm_with_sensor.urdf.xacro -> /home/riccardofeingold/ros2_learning/install/arm_robot/share/arm_robot
[0.615s] running install_egg_info
[0.616s] removing '/home/riccardofeingold/ros2_learning/install/arm_robot/lib/python3.8/site-packages/arm_robot-0.0.0-py3.8.egg-info' (and everything under it)
[0.616s] Copying ../../build/arm_robot/arm_robot.egg-info to /home/riccardofeingold/ros2_learning/install/arm_robot/lib/python3.8/site-packages/arm_robot-0.0.0-py3.8.egg-info
[0.617s] running install_scripts
[0.626s] writing list of installed files to '/home/riccardofeingold/ros2_learning/build/arm_robot/install.log'
[0.639s] Invoked command in '/home/riccardofeingold/ros2_learning/src/arm_robot' returned '0': PYTHONPATH=/home/riccardofeingold/ros2_learning/install/arm_robot/lib/python3.8/site-packages:${PYTHONPATH} /usr/bin/python3 setup.py egg_info --egg-base ../../build/arm_robot build --build-base /home/riccardofeingold/ros2_learning/build/arm_robot/build install --prefix /home/riccardofeingold/ros2_learning/install/arm_robot --record /home/riccardofeingold/ros2_learning/build/arm_robot/install.log --single-version-externally-managed
