[0.198s] Invoking command in '/home/riccardofeingold/ros2_learning/build/slider_controller': CMAKE_PREFIX_PATH=${CMAKE_PREFIX_PATH}:/home/riccardofeingold/ros2_learning/install/arm_robot:/opt/ros/humble /usr/bin/cmake --build /home/riccardofeingold/ros2_learning/build/slider_controller -- -j8 -l8
[0.221s] Invoked command in '/home/riccardofeingold/ros2_learning/build/slider_controller' returned '0': CMAKE_PREFIX_PATH=${CMAKE_PREFIX_PATH}:/home/riccardofeingold/ros2_learning/install/arm_robot:/opt/ros/humble /usr/bin/cmake --build /home/riccardofeingold/ros2_learning/build/slider_controller -- -j8 -l8
[0.238s] Invoking command in '/home/riccardofeingold/ros2_learning/build/slider_controller': CMAKE_PREFIX_PATH=${CMAKE_PREFIX_PATH}:/home/riccardofeingold/ros2_learning/install/arm_robot:/opt/ros/humble /usr/bin/cmake --install /home/riccardofeingold/ros2_learning/build/slider_controller
[0.243s] -- Install configuration: ""
[0.243s] -- Up-to-date: /home/riccardofeingold/ros2_learning/install/slider_controller/share/ament_index/resource_index/package_run_dependencies/slider_controller
[0.243s] -- Up-to-date: /home/riccardofeingold/ros2_learning/install/slider_controller/share/ament_index/resource_index/parent_prefix_path/slider_controller
[0.243s] -- Up-to-date: /home/riccardofeingold/ros2_learning/install/slider_controller/share/slider_controller/environment/ament_prefix_path.sh
[0.243s] -- Up-to-date: /home/riccardofeingold/ros2_learning/install/slider_controller/share/slider_controller/environment/ament_prefix_path.dsv
[0.243s] -- Up-to-date: /home/riccardofeingold/ros2_learning/install/slider_controller/share/slider_controller/environment/path.sh
[0.243s] -- Up-to-date: /home/riccardofeingold/ros2_learning/install/slider_controller/share/slider_controller/environment/path.dsv
[0.243s] -- Up-to-date: /home/riccardofeingold/ros2_learning/install/slider_controller/share/slider_controller/local_setup.bash
[0.243s] -- Up-to-date: /home/riccardofeingold/ros2_learning/install/slider_controller/share/slider_controller/local_setup.sh
[0.244s] -- Up-to-date: /home/riccardofeingold/ros2_learning/install/slider_controller/share/slider_controller/local_setup.zsh
[0.244s] -- Up-to-date: /home/riccardofeingold/ros2_learning/install/slider_controller/share/slider_controller/local_setup.dsv
[0.244s] -- Installing: /home/riccardofeingold/ros2_learning/install/slider_controller/share/slider_controller/package.dsv
[0.244s] -- Up-to-date: /home/riccardofeingold/ros2_learning/install/slider_controller/share/ament_index/resource_index/packages/slider_controller
[0.244s] -- Up-to-date: /home/riccardofeingold/ros2_learning/install/slider_controller/share/slider_controller/cmake/slider_controllerConfig.cmake
[0.244s] -- Up-to-date: /home/riccardofeingold/ros2_learning/install/slider_controller/share/slider_controller/cmake/slider_controllerConfig-version.cmake
[0.244s] -- Up-to-date: /home/riccardofeingold/ros2_learning/install/slider_controller/share/slider_controller/package.xml
[0.245s] Invoked command in '/home/riccardofeingold/ros2_learning/build/slider_controller' returned '0': CMAKE_PREFIX_PATH=${CMAKE_PREFIX_PATH}:/home/riccardofeingold/ros2_learning/install/arm_robot:/opt/ros/humble /usr/bin/cmake --install /home/riccardofeingold/ros2_learning/build/slider_controller
