[0.412s] Invoking command in '/home/parallels/magnecko/ros2_learning/src/arm_robot': PYTHONPATH=/home/parallels/magnecko/ros2_learning/install/arm_robot/lib/python3.10/site-packages:${PYTHONPATH} /usr/bin/python3 setup.py egg_info --egg-base ../../build/arm_robot build --build-base /home/parallels/magnecko/ros2_learning/build/arm_robot/build install --prefix /home/parallels/magnecko/ros2_learning/install/arm_robot --record /home/parallels/magnecko/ros2_learning/build/arm_robot/install.log --single-version-externally-managed
[0.582s] running egg_info
[0.582s] creating ../../build/arm_robot/arm_robot.egg-info
[0.583s] writing ../../build/arm_robot/arm_robot.egg-info/PKG-INFO
[0.583s] writing dependency_links to ../../build/arm_robot/arm_robot.egg-info/dependency_links.txt
[0.583s] writing entry points to ../../build/arm_robot/arm_robot.egg-info/entry_points.txt
[0.583s] writing requirements to ../../build/arm_robot/arm_robot.egg-info/requires.txt
[0.583s] writing top-level names to ../../build/arm_robot/arm_robot.egg-info/top_level.txt
[0.583s] writing manifest file '../../build/arm_robot/arm_robot.egg-info/SOURCES.txt'
[0.584s] reading manifest file '../../build/arm_robot/arm_robot.egg-info/SOURCES.txt'
[0.585s] writing manifest file '../../build/arm_robot/arm_robot.egg-info/SOURCES.txt'
[0.585s] running build
[0.585s] running build_py
[0.586s] creating /home/parallels/magnecko/ros2_learning/build/arm_robot/build
[0.586s] creating /home/parallels/magnecko/ros2_learning/build/arm_robot/build/lib
[0.586s] creating /home/parallels/magnecko/ros2_learning/build/arm_robot/build/lib/arm_robot
[0.586s] copying arm_robot/__init__.py -> /home/parallels/magnecko/ros2_learning/build/arm_robot/build/lib/arm_robot
[0.586s] running install
[0.586s] /usr/lib/python3/dist-packages/setuptools/command/install.py:34: SetuptoolsDeprecationWarning: setup.py install is deprecated. Use build and pip and other standards-based tools.
[0.586s]   warnings.warn(
[0.586s] running install_lib
[0.586s] creating /home/parallels/magnecko/ros2_learning/install/arm_robot/lib/python3.10/site-packages/arm_robot
[0.587s] copying /home/parallels/magnecko/ros2_learning/build/arm_robot/build/lib/arm_robot/__init__.py -> /home/parallels/magnecko/ros2_learning/install/arm_robot/lib/python3.10/site-packages/arm_robot
[0.587s] byte-compiling /home/parallels/magnecko/ros2_learning/install/arm_robot/lib/python3.10/site-packages/arm_robot/__init__.py to __init__.cpython-310.pyc
[0.587s] running install_data
[0.587s] creating /home/parallels/magnecko/ros2_learning/install/arm_robot/share/ament_index
[0.588s] creating /home/parallels/magnecko/ros2_learning/install/arm_robot/share/ament_index/resource_index
[0.588s] creating /home/parallels/magnecko/ros2_learning/install/arm_robot/share/ament_index/resource_index/packages
[0.588s] copying resource/arm_robot -> /home/parallels/magnecko/ros2_learning/install/arm_robot/share/ament_index/resource_index/packages
[0.588s] copying package.xml -> /home/parallels/magnecko/ros2_learning/install/arm_robot/share/arm_robot
[0.588s] running install_egg_info
[0.589s] Copying ../../build/arm_robot/arm_robot.egg-info to /home/parallels/magnecko/ros2_learning/install/arm_robot/lib/python3.10/site-packages/arm_robot-0.0.0-py3.10.egg-info
[0.589s] running install_scripts
[0.605s] writing list of installed files to '/home/parallels/magnecko/ros2_learning/build/arm_robot/install.log'
[0.621s] Invoked command in '/home/parallels/magnecko/ros2_learning/src/arm_robot' returned '0': PYTHONPATH=/home/parallels/magnecko/ros2_learning/install/arm_robot/lib/python3.10/site-packages:${PYTHONPATH} /usr/bin/python3 setup.py egg_info --egg-base ../../build/arm_robot build --build-base /home/parallels/magnecko/ros2_learning/build/arm_robot/build install --prefix /home/parallels/magnecko/ros2_learning/install/arm_robot --record /home/parallels/magnecko/ros2_learning/build/arm_robot/install.log --single-version-externally-managed
