[0.400s] Invoking command in '/home/riccardofeingold/ros2_learning/src/arm_robot': PYTHONPATH=/home/riccardofeingold/ros2_learning/install/arm_robot/lib/python3.10/site-packages:${PYTHONPATH} /usr/bin/python3 setup.py egg_info --egg-base ../../build/arm_robot build --build-base /home/riccardofeingold/ros2_learning/build/arm_robot/build install --prefix /home/riccardofeingold/ros2_learning/install/arm_robot --record /home/riccardofeingold/ros2_learning/build/arm_robot/install.log --single-version-externally-managed
[0.566s] running egg_info
[0.566s] writing ../../build/arm_robot/arm_robot.egg-info/PKG-INFO
[0.567s] writing dependency_links to ../../build/arm_robot/arm_robot.egg-info/dependency_links.txt
[0.567s] writing entry points to ../../build/arm_robot/arm_robot.egg-info/entry_points.txt
[0.567s] writing requirements to ../../build/arm_robot/arm_robot.egg-info/requires.txt
[0.567s] writing top-level names to ../../build/arm_robot/arm_robot.egg-info/top_level.txt
[0.568s] reading manifest file '../../build/arm_robot/arm_robot.egg-info/SOURCES.txt'
[0.569s] writing manifest file '../../build/arm_robot/arm_robot.egg-info/SOURCES.txt'
[0.569s] running build
[0.569s] running build_py
[0.569s] running install
[0.569s] /usr/lib/python3/dist-packages/setuptools/command/install.py:34: SetuptoolsDeprecationWarning: setup.py install is deprecated. Use build and pip and other standards-based tools.
[0.569s]   warnings.warn(
[0.569s] running install_lib
[0.570s] running install_data
[0.571s] copying description/arm_sensor_gazebo.xacro -> /home/riccardofeingold/ros2_learning/install/arm_robot/share/arm_robot
[0.571s] copying description/sensors/rgb_camera.xacro -> /home/riccardofeingold/ros2_learning/install/arm_robot/share/arm_robot
[0.571s] running install_egg_info
[0.572s] removing '/home/riccardofeingold/ros2_learning/install/arm_robot/lib/python3.10/site-packages/arm_robot-0.0.0-py3.10.egg-info' (and everything under it)
[0.572s] Copying ../../build/arm_robot/arm_robot.egg-info to /home/riccardofeingold/ros2_learning/install/arm_robot/lib/python3.10/site-packages/arm_robot-0.0.0-py3.10.egg-info
[0.573s] running install_scripts
[0.588s] writing list of installed files to '/home/riccardofeingold/ros2_learning/build/arm_robot/install.log'
[0.603s] Invoked command in '/home/riccardofeingold/ros2_learning/src/arm_robot' returned '0': PYTHONPATH=/home/riccardofeingold/ros2_learning/install/arm_robot/lib/python3.10/site-packages:${PYTHONPATH} /usr/bin/python3 setup.py egg_info --egg-base ../../build/arm_robot build --build-base /home/riccardofeingold/ros2_learning/build/arm_robot/build install --prefix /home/riccardofeingold/ros2_learning/install/arm_robot --record /home/riccardofeingold/ros2_learning/build/arm_robot/install.log --single-version-externally-managed
