[0.381s] Invoking command in '/home/riccardofeingold/ros2_learning/src/arm_robot': PYTHONPATH=/home/riccardofeingold/ros2_learning/install/arm_robot/lib/python3.8/site-packages:${PYTHONPATH} /usr/bin/python3 setup.py egg_info --egg-base ../../build/arm_robot build --build-base /home/riccardofeingold/ros2_learning/build/arm_robot/build install --prefix /home/riccardofeingold/ros2_learning/install/arm_robot --record /home/riccardofeingold/ros2_learning/build/arm_robot/install.log --single-version-externally-managed
[0.478s] running egg_info
[0.478s] writing ../../build/arm_robot/arm_robot.egg-info/PKG-INFO
[0.478s] writing dependency_links to ../../build/arm_robot/arm_robot.egg-info/dependency_links.txt
[0.478s] writing entry points to ../../build/arm_robot/arm_robot.egg-info/entry_points.txt
[0.478s] writing requirements to ../../build/arm_robot/arm_robot.egg-info/requires.txt
[0.478s] writing top-level names to ../../build/arm_robot/arm_robot.egg-info/top_level.txt
[0.497s] reading manifest file '../../build/arm_robot/arm_robot.egg-info/SOURCES.txt'
[0.498s] writing manifest file '../../build/arm_robot/arm_robot.egg-info/SOURCES.txt'
[0.498s] running build
[0.498s] running build_py
[0.498s] running install
[0.498s] running install_lib
[0.499s] creating /home/riccardofeingold/ros2_learning/install/arm_robot/lib/python3.8/site-packages/arm_robot
[0.499s] copying /home/riccardofeingold/ros2_learning/build/arm_robot/build/lib/arm_robot/__init__.py -> /home/riccardofeingold/ros2_learning/install/arm_robot/lib/python3.8/site-packages/arm_robot
[0.499s] byte-compiling /home/riccardofeingold/ros2_learning/install/arm_robot/lib/python3.8/site-packages/arm_robot/__init__.py to __init__.cpython-38.pyc
[0.499s] running install_data
[0.500s] running install_egg_info
[0.500s] Copying ../../build/arm_robot/arm_robot.egg-info to /home/riccardofeingold/ros2_learning/install/arm_robot/lib/python3.8/site-packages/arm_robot-0.0.0-py3.8.egg-info
[0.501s] running install_scripts
[0.509s] writing list of installed files to '/home/riccardofeingold/ros2_learning/build/arm_robot/install.log'
[0.519s] Invoked command in '/home/riccardofeingold/ros2_learning/src/arm_robot' returned '0': PYTHONPATH=/home/riccardofeingold/ros2_learning/install/arm_robot/lib/python3.8/site-packages:${PYTHONPATH} /usr/bin/python3 setup.py egg_info --egg-base ../../build/arm_robot build --build-base /home/riccardofeingold/ros2_learning/build/arm_robot/build install --prefix /home/riccardofeingold/ros2_learning/install/arm_robot --record /home/riccardofeingold/ros2_learning/build/arm_robot/install.log --single-version-externally-managed
