[0.326s] Invoking command in '/home/riccardofeingold/ros2_learning/build/arm_robot': PYTHONPATH=/home/riccardofeingold/ros2_learning/install/arm_robot/lib/python3.8/site-packages:${PYTHONPATH} /usr/bin/python3 setup.py develop --prefix /home/riccardofeingold/ros2_learning/install/arm_robot --uninstall --editable --build-directory /home/riccardofeingold/ros2_learning/build/arm_robot/build
[0.434s] running develop
[0.502s] Invoked command in '/home/riccardofeingold/ros2_learning/build/arm_robot' returned '0': PYTHONPATH=/home/riccardofeingold/ros2_learning/install/arm_robot/lib/python3.8/site-packages:${PYTHONPATH} /usr/bin/python3 setup.py develop --prefix /home/riccardofeingold/ros2_learning/install/arm_robot --uninstall --editable --build-directory /home/riccardofeingold/ros2_learning/build/arm_robot/build
[0.503s] Invoking command in '/home/riccardofeingold/ros2_learning/src/arm_robot': PYTHONPATH=/home/riccardofeingold/ros2_learning/install/arm_robot/lib/python3.8/site-packages:${PYTHONPATH} /usr/bin/python3 setup.py egg_info --egg-base ../../build/arm_robot build --build-base /home/riccardofeingold/ros2_learning/build/arm_robot/build install --prefix /home/riccardofeingold/ros2_learning/install/arm_robot --record /home/riccardofeingold/ros2_learning/build/arm_robot/install.log --single-version-externally-managed
[0.606s] running egg_info
[0.606s] writing ../../build/arm_robot/arm_robot.egg-info/PKG-INFO
[0.606s] writing dependency_links to ../../build/arm_robot/arm_robot.egg-info/dependency_links.txt
[0.606s] writing entry points to ../../build/arm_robot/arm_robot.egg-info/entry_points.txt
[0.606s] writing requirements to ../../build/arm_robot/arm_robot.egg-info/requires.txt
[0.606s] writing top-level names to ../../build/arm_robot/arm_robot.egg-info/top_level.txt
[0.625s] reading manifest file '../../build/arm_robot/arm_robot.egg-info/SOURCES.txt'
[0.626s] writing manifest file '../../build/arm_robot/arm_robot.egg-info/SOURCES.txt'
[0.626s] running build
[0.626s] running build_py
[0.626s] running install
[0.627s] running install_lib
[0.627s] running install_data
[0.628s] copying description/intertials.urdf.xacro -> /home/riccardofeingold/ros2_learning/install/arm_robot/share/arm_robot
[0.628s] copying description/arm_sensor.urdf.xacro -> /home/riccardofeingold/ros2_learning/install/arm_robot/share/arm_robot
[0.628s] running install_egg_info
[0.629s] removing '/home/riccardofeingold/ros2_learning/install/arm_robot/lib/python3.8/site-packages/arm_robot-0.0.0-py3.8.egg-info' (and everything under it)
[0.629s] Copying ../../build/arm_robot/arm_robot.egg-info to /home/riccardofeingold/ros2_learning/install/arm_robot/lib/python3.8/site-packages/arm_robot-0.0.0-py3.8.egg-info
[0.629s] running install_scripts
[0.640s] writing list of installed files to '/home/riccardofeingold/ros2_learning/build/arm_robot/install.log'
[0.651s] Invoked command in '/home/riccardofeingold/ros2_learning/src/arm_robot' returned '0': PYTHONPATH=/home/riccardofeingold/ros2_learning/install/arm_robot/lib/python3.8/site-packages:${PYTHONPATH} /usr/bin/python3 setup.py egg_info --egg-base ../../build/arm_robot build --build-base /home/riccardofeingold/ros2_learning/build/arm_robot/build install --prefix /home/riccardofeingold/ros2_learning/install/arm_robot --record /home/riccardofeingold/ros2_learning/build/arm_robot/install.log --single-version-externally-managed
