[0.324s] Invoking command in '/home/riccardofeingold/ros2_learning/build/arm_robot': PYTHONPATH=/home/riccardofeingold/ros2_learning/install/arm_robot/lib/python3.8/site-packages:${PYTHONPATH} /usr/bin/python3 setup.py develop --prefix /home/riccardofeingold/ros2_learning/install/arm_robot --uninstall --editable --build-directory /home/riccardofeingold/ros2_learning/build/arm_robot/build
[0.436s] running develop
[0.497s] Removing /home/riccardofeingold/ros2_learning/install/arm_robot/lib/python3.8/site-packages/arm-robot.egg-link (link to .)
[0.508s] Invoked command in '/home/riccardofeingold/ros2_learning/build/arm_robot' returned '0': PYTHONPATH=/home/riccardofeingold/ros2_learning/install/arm_robot/lib/python3.8/site-packages:${PYTHONPATH} /usr/bin/python3 setup.py develop --prefix /home/riccardofeingold/ros2_learning/install/arm_robot --uninstall --editable --build-directory /home/riccardofeingold/ros2_learning/build/arm_robot/build
[0.509s] Invoking command in '/home/riccardofeingold/ros2_learning/src/arm_robot': PYTHONPATH=/home/riccardofeingold/ros2_learning/install/arm_robot/lib/python3.8/site-packages:${PYTHONPATH} /usr/bin/python3 setup.py egg_info --egg-base ../../build/arm_robot build --build-base /home/riccardofeingold/ros2_learning/build/arm_robot/build install --prefix /home/riccardofeingold/ros2_learning/install/arm_robot --record /home/riccardofeingold/ros2_learning/build/arm_robot/install.log --single-version-externally-managed
[0.619s] running egg_info
[0.619s] writing ../../build/arm_robot/arm_robot.egg-info/PKG-INFO
[0.620s] writing dependency_links to ../../build/arm_robot/arm_robot.egg-info/dependency_links.txt
[0.620s] writing entry points to ../../build/arm_robot/arm_robot.egg-info/entry_points.txt
[0.620s] writing requirements to ../../build/arm_robot/arm_robot.egg-info/requires.txt
[0.620s] writing top-level names to ../../build/arm_robot/arm_robot.egg-info/top_level.txt
[0.637s] reading manifest file '../../build/arm_robot/arm_robot.egg-info/SOURCES.txt'
[0.638s] writing manifest file '../../build/arm_robot/arm_robot.egg-info/SOURCES.txt'
[0.638s] running build
[0.638s] running build_py
[0.638s] running install
[0.638s] running install_lib
[0.639s] creating /home/riccardofeingold/ros2_learning/install/arm_robot/lib/python3.8/site-packages/arm_robot
[0.639s] copying /home/riccardofeingold/ros2_learning/build/arm_robot/build/lib/arm_robot/__init__.py -> /home/riccardofeingold/ros2_learning/install/arm_robot/lib/python3.8/site-packages/arm_robot
[0.639s] byte-compiling /home/riccardofeingold/ros2_learning/install/arm_robot/lib/python3.8/site-packages/arm_robot/__init__.py to __init__.cpython-38.pyc
[0.640s] running install_data
[0.641s] copying description/arm_description.urdf.xacro -> /home/riccardofeingold/ros2_learning/install/arm_robot/share/arm_robot
[0.641s] running install_egg_info
[0.642s] Copying ../../build/arm_robot/arm_robot.egg-info to /home/riccardofeingold/ros2_learning/install/arm_robot/lib/python3.8/site-packages/arm_robot-0.0.0-py3.8.egg-info
[0.643s] running install_scripts
[0.652s] writing list of installed files to '/home/riccardofeingold/ros2_learning/build/arm_robot/install.log'
[0.666s] Invoked command in '/home/riccardofeingold/ros2_learning/src/arm_robot' returned '0': PYTHONPATH=/home/riccardofeingold/ros2_learning/install/arm_robot/lib/python3.8/site-packages:${PYTHONPATH} /usr/bin/python3 setup.py egg_info --egg-base ../../build/arm_robot build --build-base /home/riccardofeingold/ros2_learning/build/arm_robot/build install --prefix /home/riccardofeingold/ros2_learning/install/arm_robot --record /home/riccardofeingold/ros2_learning/build/arm_robot/install.log --single-version-externally-managed
