running egg_info
creating ../../build/3DOFs_arm/3DOFs_arm.egg-info
writing ../../build/3DOFs_arm/3DOFs_arm.egg-info/PKG-INFO
writing dependency_links to ../../build/3DOFs_arm/3DOFs_arm.egg-info/dependency_links.txt
writing entry points to ../../build/3DOFs_arm/3DOFs_arm.egg-info/entry_points.txt
writing requirements to ../../build/3DOFs_arm/3DOFs_arm.egg-info/requires.txt
writing top-level names to ../../build/3DOFs_arm/3DOFs_arm.egg-info/top_level.txt
writing manifest file '../../build/3DOFs_arm/3DOFs_arm.egg-info/SOURCES.txt'
reading manifest file '../../build/3DOFs_arm/3DOFs_arm.egg-info/SOURCES.txt'
writing manifest file '../../build/3DOFs_arm/3DOFs_arm.egg-info/SOURCES.txt'
running build
running build_py
creating /home/parallels/magnecko/ros2_learning/build/3DOFs_arm/build
creating /home/parallels/magnecko/ros2_learning/build/3DOFs_arm/build/lib
creating /home/parallels/magnecko/ros2_learning/build/3DOFs_arm/build/lib/3DOFs_arm
copying 3DOFs_arm/__init__.py -> /home/parallels/magnecko/ros2_learning/build/3DOFs_arm/build/lib/3DOFs_arm
running install
running install_lib
creating /home/parallels/magnecko/ros2_learning/install/3DOFs_arm/lib/python3.10/site-packages/3DOFs_arm
copying /home/parallels/magnecko/ros2_learning/build/3DOFs_arm/build/lib/3DOFs_arm/__init__.py -> /home/parallels/magnecko/ros2_learning/install/3DOFs_arm/lib/python3.10/site-packages/3DOFs_arm
byte-compiling /home/parallels/magnecko/ros2_learning/install/3DOFs_arm/lib/python3.10/site-packages/3DOFs_arm/__init__.py to __init__.cpython-310.pyc
running install_data
creating /home/parallels/magnecko/ros2_learning/install/3DOFs_arm/share/ament_index
creating /home/parallels/magnecko/ros2_learning/install/3DOFs_arm/share/ament_index/resource_index
creating /home/parallels/magnecko/ros2_learning/install/3DOFs_arm/share/ament_index/resource_index/packages
copying resource/3DOFs_arm -> /home/parallels/magnecko/ros2_learning/install/3DOFs_arm/share/ament_index/resource_index/packages
copying package.xml -> /home/parallels/magnecko/ros2_learning/install/3DOFs_arm/share/3DOFs_arm
running install_egg_info
Copying ../../build/3DOFs_arm/3DOFs_arm.egg-info to /home/parallels/magnecko/ros2_learning/install/3DOFs_arm/lib/python3.10/site-packages/3DOFs_arm-0.0.0-py3.10.egg-info
running install_scripts
writing list of installed files to '/home/parallels/magnecko/ros2_learning/build/3DOFs_arm/install.log'
