[0.437s] Invoking command in '/home/parallels/magnecko/ros2_learning/src/3DOFs_arm': PYTHONPATH=/home/parallels/magnecko/ros2_learning/install/3DOFs_arm/lib/python3.10/site-packages:${PYTHONPATH} /usr/bin/python3 setup.py egg_info --egg-base ../../build/3DOFs_arm build --build-base /home/parallels/magnecko/ros2_learning/build/3DOFs_arm/build install --prefix /home/parallels/magnecko/ros2_learning/install/3DOFs_arm --record /home/parallels/magnecko/ros2_learning/build/3DOFs_arm/install.log --single-version-externally-managed
[0.610s] running egg_info
[0.610s] writing ../../build/3DOFs_arm/3DOFs_arm.egg-info/PKG-INFO
[0.610s] writing dependency_links to ../../build/3DOFs_arm/3DOFs_arm.egg-info/dependency_links.txt
[0.610s] writing entry points to ../../build/3DOFs_arm/3DOFs_arm.egg-info/entry_points.txt
[0.611s] writing requirements to ../../build/3DOFs_arm/3DOFs_arm.egg-info/requires.txt
[0.611s] writing top-level names to ../../build/3DOFs_arm/3DOFs_arm.egg-info/top_level.txt
[0.612s] reading manifest file '../../build/3DOFs_arm/3DOFs_arm.egg-info/SOURCES.txt'
[0.613s] writing manifest file '../../build/3DOFs_arm/3DOFs_arm.egg-info/SOURCES.txt'
[0.613s] running build
[0.613s] running build_py
[0.613s] /usr/lib/python3/dist-packages/setuptools/command/install.py:34: SetuptoolsDeprecationWarning: setup.py install is deprecated. Use build and pip and other standards-based tools.
[0.613s]   warnings.warn(
[0.613s] running install
[0.613s] running install_lib
[0.614s] running install_data
[0.614s] running install_egg_info
[0.615s] removing '/home/parallels/magnecko/ros2_learning/install/3DOFs_arm/lib/python3.10/site-packages/3DOFs_arm-0.0.0-py3.10.egg-info' (and everything under it)
[0.616s] Copying ../../build/3DOFs_arm/3DOFs_arm.egg-info to /home/parallels/magnecko/ros2_learning/install/3DOFs_arm/lib/python3.10/site-packages/3DOFs_arm-0.0.0-py3.10.egg-info
[0.616s] running install_scripts
[0.633s] writing list of installed files to '/home/parallels/magnecko/ros2_learning/build/3DOFs_arm/install.log'
[0.655s] Invoked command in '/home/parallels/magnecko/ros2_learning/src/3DOFs_arm' returned '0': PYTHONPATH=/home/parallels/magnecko/ros2_learning/install/3DOFs_arm/lib/python3.10/site-packages:${PYTHONPATH} /usr/bin/python3 setup.py egg_info --egg-base ../../build/3DOFs_arm build --build-base /home/parallels/magnecko/ros2_learning/build/3DOFs_arm/build install --prefix /home/parallels/magnecko/ros2_learning/install/3DOFs_arm --record /home/parallels/magnecko/ros2_learning/build/3DOFs_arm/install.log --single-version-externally-managed
