-- Found ament_cmake: 1.3.2 (/opt/ros/humble/share/ament_cmake/cmake)
-- Found rclcpp: 16.0.1 (/opt/ros/humble/share/rclcpp/cmake)
-- Found rosidl_generator_c: 3.1.3 (/opt/ros/humble/share/rosidl_generator_c/cmake)
-- Found rosidl_adapter: 3.1.3 (/opt/ros/humble/share/rosidl_adapter/cmake)
-- Found rosidl_generator_cpp: 3.1.3 (/opt/ros/humble/share/rosidl_generator_cpp/cmake)
-- Using all available rosidl_typesupport_c: rosidl_typesupport_fastrtps_c;rosidl_typesupport_introspection_c
-- Using all available rosidl_typesupport_cpp: rosidl_typesupport_fastrtps_cpp;rosidl_typesupport_introspection_cpp
-- Found rmw_implementation_cmake: 6.1.0 (/opt/ros/humble/share/rmw_implementation_cmake/cmake)
-- Found rmw_fastrtps_cpp: 6.2.1 (/opt/ros/humble/share/rmw_fastrtps_cpp/cmake)
-- Found OpenSSL: /usr/lib/x86_64-linux-gnu/libcrypto.so (found version "3.0.2")  
-- Found FastRTPS: /opt/ros/humble/include  
-- Using RMW implementation 'rmw_fastrtps_cpp' as default
-- Found ament_lint_auto: 0.12.4 (/opt/ros/humble/share/ament_lint_auto/cmake)
-- Added test 'lint_cmake' to check CMake code style
-- Added test 'xmllint' to check XML markup files
-- Configuring done
-- Generating done
-- Build files have been written to: /home/riccardofeingold/ros2_learning/build/slider_controller
-- Install configuration: ""
-- Up-to-date: /home/riccardofeingold/ros2_learning/install/slider_controller/share/ament_index/resource_index/package_run_dependencies/slider_controller
-- Up-to-date: /home/riccardofeingold/ros2_learning/install/slider_controller/share/ament_index/resource_index/parent_prefix_path/slider_controller
-- Up-to-date: /home/riccardofeingold/ros2_learning/install/slider_controller/share/slider_controller/environment/ament_prefix_path.sh
-- Installing: /home/riccardofeingold/ros2_learning/install/slider_controller/share/slider_controller/environment/ament_prefix_path.dsv
-- Up-to-date: /home/riccardofeingold/ros2_learning/install/slider_controller/share/slider_controller/environment/path.sh
-- Installing: /home/riccardofeingold/ros2_learning/install/slider_controller/share/slider_controller/environment/path.dsv
-- Up-to-date: /home/riccardofeingold/ros2_learning/install/slider_controller/share/slider_controller/local_setup.bash
-- Up-to-date: /home/riccardofeingold/ros2_learning/install/slider_controller/share/slider_controller/local_setup.sh
-- Up-to-date: /home/riccardofeingold/ros2_learning/install/slider_controller/share/slider_controller/local_setup.zsh
-- Installing: /home/riccardofeingold/ros2_learning/install/slider_controller/share/slider_controller/local_setup.dsv
-- Installing: /home/riccardofeingold/ros2_learning/install/slider_controller/share/slider_controller/package.dsv
-- Up-to-date: /home/riccardofeingold/ros2_learning/install/slider_controller/share/ament_index/resource_index/packages/slider_controller
-- Up-to-date: /home/riccardofeingold/ros2_learning/install/slider_controller/share/slider_controller/cmake/slider_controllerConfig.cmake
-- Up-to-date: /home/riccardofeingold/ros2_learning/install/slider_controller/share/slider_controller/cmake/slider_controllerConfig-version.cmake
-- Up-to-date: /home/riccardofeingold/ros2_learning/install/slider_controller/share/slider_controller/package.xml
