[0.188s] Invoking command in '/home/riccardofeingold/ros2_learning/build/slider_controller': CMAKE_PREFIX_PATH=/home/riccardofeingold/ros2_learning/install/arm_robot:/opt/ros/humble /usr/bin/cmake --build /home/riccardofeingold/ros2_learning/build/slider_controller -- -j8 -l8
[0.201s] -- Found ament_cmake: 1.3.2 (/opt/ros/humble/share/ament_cmake/cmake)
[0.304s] -- Found rclcpp: 16.0.1 (/opt/ros/humble/share/rclcpp/cmake)
[0.337s] -- Found rosidl_generator_c: 3.1.3 (/opt/ros/humble/share/rosidl_generator_c/cmake)
[0.341s] -- Found rosidl_adapter: 3.1.3 (/opt/ros/humble/share/rosidl_adapter/cmake)
[0.347s] -- Found rosidl_generator_cpp: 3.1.3 (/opt/ros/humble/share/rosidl_generator_cpp/cmake)
[0.357s] -- Using all available rosidl_typesupport_c: rosidl_typesupport_fastrtps_c;rosidl_typesupport_introspection_c
[0.371s] -- Using all available rosidl_typesupport_cpp: rosidl_typesupport_fastrtps_cpp;rosidl_typesupport_introspection_cpp
[0.426s] -- Found rmw_implementation_cmake: 6.1.0 (/opt/ros/humble/share/rmw_implementation_cmake/cmake)
[0.427s] -- Found rmw_fastrtps_cpp: 6.2.1 (/opt/ros/humble/share/rmw_fastrtps_cpp/cmake)
[0.490s] -- Found OpenSSL: /usr/lib/x86_64-linux-gnu/libcrypto.so (found version "3.0.2")  
[0.511s] -- Found FastRTPS: /opt/ros/humble/include  
[0.546s] -- Using RMW implementation 'rmw_fastrtps_cpp' as default
[0.675s] -- Found ament_lint_auto: 0.12.4 (/opt/ros/humble/share/ament_lint_auto/cmake)
[0.724s] -- Added test 'lint_cmake' to check CMake code style
[0.724s] -- Added test 'xmllint' to check XML markup files
[0.725s] -- Configuring done
[0.728s] -- Generating done
[0.729s] -- Build files have been written to: /home/riccardofeingold/ros2_learning/build/slider_controller
[0.745s] Invoked command in '/home/riccardofeingold/ros2_learning/build/slider_controller' returned '0': CMAKE_PREFIX_PATH=/home/riccardofeingold/ros2_learning/install/arm_robot:/opt/ros/humble /usr/bin/cmake --build /home/riccardofeingold/ros2_learning/build/slider_controller -- -j8 -l8
[0.761s] Invoking command in '/home/riccardofeingold/ros2_learning/build/slider_controller': CMAKE_PREFIX_PATH=/home/riccardofeingold/ros2_learning/install/arm_robot:/opt/ros/humble /usr/bin/cmake --install /home/riccardofeingold/ros2_learning/build/slider_controller
[0.765s] -- Install configuration: ""
[0.765s] -- Up-to-date: /home/riccardofeingold/ros2_learning/install/slider_controller/share/ament_index/resource_index/package_run_dependencies/slider_controller
[0.765s] -- Up-to-date: /home/riccardofeingold/ros2_learning/install/slider_controller/share/ament_index/resource_index/parent_prefix_path/slider_controller
[0.766s] -- Up-to-date: /home/riccardofeingold/ros2_learning/install/slider_controller/share/slider_controller/environment/ament_prefix_path.sh
[0.766s] -- Installing: /home/riccardofeingold/ros2_learning/install/slider_controller/share/slider_controller/environment/ament_prefix_path.dsv
[0.766s] -- Up-to-date: /home/riccardofeingold/ros2_learning/install/slider_controller/share/slider_controller/environment/path.sh
[0.766s] -- Installing: /home/riccardofeingold/ros2_learning/install/slider_controller/share/slider_controller/environment/path.dsv
[0.766s] -- Up-to-date: /home/riccardofeingold/ros2_learning/install/slider_controller/share/slider_controller/local_setup.bash
[0.766s] -- Up-to-date: /home/riccardofeingold/ros2_learning/install/slider_controller/share/slider_controller/local_setup.sh
[0.766s] -- Up-to-date: /home/riccardofeingold/ros2_learning/install/slider_controller/share/slider_controller/local_setup.zsh
[0.766s] -- Installing: /home/riccardofeingold/ros2_learning/install/slider_controller/share/slider_controller/local_setup.dsv
[0.766s] -- Installing: /home/riccardofeingold/ros2_learning/install/slider_controller/share/slider_controller/package.dsv
[0.766s] -- Up-to-date: /home/riccardofeingold/ros2_learning/install/slider_controller/share/ament_index/resource_index/packages/slider_controller
[0.766s] -- Up-to-date: /home/riccardofeingold/ros2_learning/install/slider_controller/share/slider_controller/cmake/slider_controllerConfig.cmake
[0.766s] -- Up-to-date: /home/riccardofeingold/ros2_learning/install/slider_controller/share/slider_controller/cmake/slider_controllerConfig-version.cmake
[0.766s] -- Up-to-date: /home/riccardofeingold/ros2_learning/install/slider_controller/share/slider_controller/package.xml
[0.769s] Invoked command in '/home/riccardofeingold/ros2_learning/build/slider_controller' returned '0': CMAKE_PREFIX_PATH=/home/riccardofeingold/ros2_learning/install/arm_robot:/opt/ros/humble /usr/bin/cmake --install /home/riccardofeingold/ros2_learning/build/slider_controller
