running egg_info
writing ../../build/arm_robot/arm_robot.egg-info/PKG-INFO
writing dependency_links to ../../build/arm_robot/arm_robot.egg-info/dependency_links.txt
writing entry points to ../../build/arm_robot/arm_robot.egg-info/entry_points.txt
writing requirements to ../../build/arm_robot/arm_robot.egg-info/requires.txt
writing top-level names to ../../build/arm_robot/arm_robot.egg-info/top_level.txt
reading manifest file '../../build/arm_robot/arm_robot.egg-info/SOURCES.txt'
writing manifest file '../../build/arm_robot/arm_robot.egg-info/SOURCES.txt'
running build
running build_py
running install
running install_lib
running install_data
copying description/arm_sensor.urdf.xacro -> /home/riccardofeingold/ros2_learning/install/arm_robot/share/arm_robot
copying description/arm_sensor_gazebo.xacro -> /home/riccardofeingold/ros2_learning/install/arm_robot/share/arm_robot
running install_egg_info
removing '/home/riccardofeingold/ros2_learning/install/arm_robot/lib/python3.10/site-packages/arm_robot-0.0.0-py3.10.egg-info' (and everything under it)
Copying ../../build/arm_robot/arm_robot.egg-info to /home/riccardofeingold/ros2_learning/install/arm_robot/lib/python3.10/site-packages/arm_robot-0.0.0-py3.10.egg-info
running install_scripts
writing list of installed files to '/home/riccardofeingold/ros2_learning/build/arm_robot/install.log'
