[0.328s] Invoking command in '/home/riccardofeingold/ros2_learning/build/arm_robot': PYTHONPATH=/home/riccardofeingold/ros2_learning/install/arm_robot/lib/python3.8/site-packages:${PYTHONPATH} /usr/bin/python3 setup.py develop --prefix /home/riccardofeingold/ros2_learning/install/arm_robot --uninstall --editable --build-directory /home/riccardofeingold/ros2_learning/build/arm_robot/build
[0.438s] running develop
[0.506s] Invoked command in '/home/riccardofeingold/ros2_learning/build/arm_robot' returned '0': PYTHONPATH=/home/riccardofeingold/ros2_learning/install/arm_robot/lib/python3.8/site-packages:${PYTHONPATH} /usr/bin/python3 setup.py develop --prefix /home/riccardofeingold/ros2_learning/install/arm_robot --uninstall --editable --build-directory /home/riccardofeingold/ros2_learning/build/arm_robot/build
[0.507s] Invoking command in '/home/riccardofeingold/ros2_learning/src/arm_robot': PYTHONPATH=/home/riccardofeingold/ros2_learning/install/arm_robot/lib/python3.8/site-packages:${PYTHONPATH} /usr/bin/python3 setup.py egg_info --egg-base ../../build/arm_robot build --build-base /home/riccardofeingold/ros2_learning/build/arm_robot/build install --prefix /home/riccardofeingold/ros2_learning/install/arm_robot --record /home/riccardofeingold/ros2_learning/build/arm_robot/install.log --single-version-externally-managed
[0.609s] running egg_info
[0.609s] writing ../../build/arm_robot/arm_robot.egg-info/PKG-INFO
[0.610s] writing dependency_links to ../../build/arm_robot/arm_robot.egg-info/dependency_links.txt
[0.610s] writing entry points to ../../build/arm_robot/arm_robot.egg-info/entry_points.txt
[0.610s] writing requirements to ../../build/arm_robot/arm_robot.egg-info/requires.txt
[0.610s] writing top-level names to ../../build/arm_robot/arm_robot.egg-info/top_level.txt
[0.629s] reading manifest file '../../build/arm_robot/arm_robot.egg-info/SOURCES.txt'
[0.629s] writing manifest file '../../build/arm_robot/arm_robot.egg-info/SOURCES.txt'
[0.629s] running build
[0.629s] running build_py
[0.629s] running install
[0.630s] running install_lib
[0.630s] running install_data
[0.631s] copying description/arm_sensor.urdf.xacro -> /home/riccardofeingold/ros2_learning/install/arm_robot/share/arm_robot
[0.631s] copying description/inertials.urdf.xacro -> /home/riccardofeingold/ros2_learning/install/arm_robot/share/arm_robot
[0.631s] running install_egg_info
[0.632s] removing '/home/riccardofeingold/ros2_learning/install/arm_robot/lib/python3.8/site-packages/arm_robot-0.0.0-py3.8.egg-info' (and everything under it)
[0.632s] Copying ../../build/arm_robot/arm_robot.egg-info to /home/riccardofeingold/ros2_learning/install/arm_robot/lib/python3.8/site-packages/arm_robot-0.0.0-py3.8.egg-info
[0.633s] running install_scripts
[0.644s] writing list of installed files to '/home/riccardofeingold/ros2_learning/build/arm_robot/install.log'
[0.656s] Invoked command in '/home/riccardofeingold/ros2_learning/src/arm_robot' returned '0': PYTHONPATH=/home/riccardofeingold/ros2_learning/install/arm_robot/lib/python3.8/site-packages:${PYTHONPATH} /usr/bin/python3 setup.py egg_info --egg-base ../../build/arm_robot build --build-base /home/riccardofeingold/ros2_learning/build/arm_robot/build install --prefix /home/riccardofeingold/ros2_learning/install/arm_robot --record /home/riccardofeingold/ros2_learning/build/arm_robot/install.log --single-version-externally-managed
