[0.499s] Invoking command in '/home/parallels/magnecko/ros2_learning/src/arm_robot': PYTHONPATH=/home/parallels/magnecko/ros2_learning/install/arm_robot/lib/python3.10/site-packages:${PYTHONPATH} /usr/bin/python3 setup.py egg_info --egg-base ../../build/arm_robot build --build-base /home/parallels/magnecko/ros2_learning/build/arm_robot/build install --prefix /home/parallels/magnecko/ros2_learning/install/arm_robot --record /home/parallels/magnecko/ros2_learning/build/arm_robot/install.log --single-version-externally-managed
[0.708s] running egg_info
[0.709s] writing ../../build/arm_robot/arm_robot.egg-info/PKG-INFO
[0.709s] writing dependency_links to ../../build/arm_robot/arm_robot.egg-info/dependency_links.txt
[0.709s] writing entry points to ../../build/arm_robot/arm_robot.egg-info/entry_points.txt
[0.710s] writing requirements to ../../build/arm_robot/arm_robot.egg-info/requires.txt
[0.710s] writing top-level names to ../../build/arm_robot/arm_robot.egg-info/top_level.txt
[0.711s] reading manifest file '../../build/arm_robot/arm_robot.egg-info/SOURCES.txt'
[0.712s] writing manifest file '../../build/arm_robot/arm_robot.egg-info/SOURCES.txt'
[0.712s] running build
[0.712s] running build_py
[0.712s] running install
[0.713s] /usr/lib/python3/dist-packages/setuptools/command/install.py:34: SetuptoolsDeprecationWarning: setup.py install is deprecated. Use build and pip and other standards-based tools.
[0.713s]   warnings.warn(
[0.713s] running install_lib
[0.713s] running install_data
[0.714s] copying launch/arm_launch.py -> /home/parallels/magnecko/ros2_learning/install/arm_robot/share/arm_robot
[0.714s] running install_egg_info
[0.716s] removing '/home/parallels/magnecko/ros2_learning/install/arm_robot/lib/python3.10/site-packages/arm_robot-0.0.0-py3.10.egg-info' (and everything under it)
[0.716s] Copying ../../build/arm_robot/arm_robot.egg-info to /home/parallels/magnecko/ros2_learning/install/arm_robot/lib/python3.10/site-packages/arm_robot-0.0.0-py3.10.egg-info
[0.717s] running install_scripts
[0.734s] writing list of installed files to '/home/parallels/magnecko/ros2_learning/build/arm_robot/install.log'
[0.758s] Invoked command in '/home/parallels/magnecko/ros2_learning/src/arm_robot' returned '0': PYTHONPATH=/home/parallels/magnecko/ros2_learning/install/arm_robot/lib/python3.10/site-packages:${PYTHONPATH} /usr/bin/python3 setup.py egg_info --egg-base ../../build/arm_robot build --build-base /home/parallels/magnecko/ros2_learning/build/arm_robot/build install --prefix /home/parallels/magnecko/ros2_learning/install/arm_robot --record /home/parallels/magnecko/ros2_learning/build/arm_robot/install.log --single-version-externally-managed
