[0.412s] Invoking command in '/home/riccardofeingold/ros2_learning/src/arm_robot': PYTHONPATH=/home/riccardofeingold/ros2_learning/install/arm_robot/lib/python3.10/site-packages:${PYTHONPATH} /usr/bin/python3 setup.py egg_info --egg-base ../../build/arm_robot build --build-base /home/riccardofeingold/ros2_learning/build/arm_robot/build install --prefix /home/riccardofeingold/ros2_learning/install/arm_robot --record /home/riccardofeingold/ros2_learning/build/arm_robot/install.log --single-version-externally-managed
[0.579s] running egg_info
[0.579s] creating ../../build/arm_robot/arm_robot.egg-info
[0.580s] writing ../../build/arm_robot/arm_robot.egg-info/PKG-INFO
[0.580s] writing dependency_links to ../../build/arm_robot/arm_robot.egg-info/dependency_links.txt
[0.580s] writing entry points to ../../build/arm_robot/arm_robot.egg-info/entry_points.txt
[0.580s] writing requirements to ../../build/arm_robot/arm_robot.egg-info/requires.txt
[0.580s] writing top-level names to ../../build/arm_robot/arm_robot.egg-info/top_level.txt
[0.580s] writing manifest file '../../build/arm_robot/arm_robot.egg-info/SOURCES.txt'
[0.581s] reading manifest file '../../build/arm_robot/arm_robot.egg-info/SOURCES.txt'
[0.582s] writing manifest file '../../build/arm_robot/arm_robot.egg-info/SOURCES.txt'
[0.582s] running build
[0.582s] running build_py
[0.582s] creating /home/riccardofeingold/ros2_learning/build/arm_robot/build
[0.583s] creating /home/riccardofeingold/ros2_learning/build/arm_robot/build/lib
[0.583s] creating /home/riccardofeingold/ros2_learning/build/arm_robot/build/lib/arm_robot
[0.583s] copying arm_robot/__init__.py -> /home/riccardofeingold/ros2_learning/build/arm_robot/build/lib/arm_robot
[0.583s] running install
[0.583s] /usr/lib/python3/dist-packages/setuptools/command/install.py:34: SetuptoolsDeprecationWarning: setup.py install is deprecated. Use build and pip and other standards-based tools.
[0.583s]   warnings.warn(
[0.583s] running install_lib
[0.583s] creating /home/riccardofeingold/ros2_learning/install/arm_robot/lib/python3.10/site-packages/arm_robot
[0.583s] copying /home/riccardofeingold/ros2_learning/build/arm_robot/build/lib/arm_robot/__init__.py -> /home/riccardofeingold/ros2_learning/install/arm_robot/lib/python3.10/site-packages/arm_robot
[0.584s] byte-compiling /home/riccardofeingold/ros2_learning/install/arm_robot/lib/python3.10/site-packages/arm_robot/__init__.py to __init__.cpython-310.pyc
[0.584s] running install_data
[0.584s] creating /home/riccardofeingold/ros2_learning/install/arm_robot/share/ament_index
[0.584s] creating /home/riccardofeingold/ros2_learning/install/arm_robot/share/ament_index/resource_index
[0.584s] creating /home/riccardofeingold/ros2_learning/install/arm_robot/share/ament_index/resource_index/packages
[0.585s] copying resource/arm_robot -> /home/riccardofeingold/ros2_learning/install/arm_robot/share/ament_index/resource_index/packages
[0.585s] copying package.xml -> /home/riccardofeingold/ros2_learning/install/arm_robot/share/arm_robot
[0.585s] copying launch/arm_launch.py -> /home/riccardofeingold/ros2_learning/install/arm_robot/share/arm_robot
[0.585s] copying launch/arm_sensor_launch.py -> /home/riccardofeingold/ros2_learning/install/arm_robot/share/arm_robot
[0.585s] copying description/inertials.urdf.xacro -> /home/riccardofeingold/ros2_learning/install/arm_robot/share/arm_robot
[0.585s] copying description/arm.urdf.xacro -> /home/riccardofeingold/ros2_learning/install/arm_robot/share/arm_robot
[0.585s] copying description/arm_sensor.urdf.xacro -> /home/riccardofeingold/ros2_learning/install/arm_robot/share/arm_robot
[0.585s] copying description/arm_description.urdf.xacro -> /home/riccardofeingold/ros2_learning/install/arm_robot/share/arm_robot
[0.585s] copying description/arm.ros2_control.xacro -> /home/riccardofeingold/ros2_learning/install/arm_robot/share/arm_robot
[0.585s] copying config/arm.rviz -> /home/riccardofeingold/ros2_learning/install/arm_robot/share/arm_robot
[0.585s] running install_egg_info
[0.586s] Copying ../../build/arm_robot/arm_robot.egg-info to /home/riccardofeingold/ros2_learning/install/arm_robot/lib/python3.10/site-packages/arm_robot-0.0.0-py3.10.egg-info
[0.587s] running install_scripts
[0.601s] writing list of installed files to '/home/riccardofeingold/ros2_learning/build/arm_robot/install.log'
[0.616s] Invoked command in '/home/riccardofeingold/ros2_learning/src/arm_robot' returned '0': PYTHONPATH=/home/riccardofeingold/ros2_learning/install/arm_robot/lib/python3.10/site-packages:${PYTHONPATH} /usr/bin/python3 setup.py egg_info --egg-base ../../build/arm_robot build --build-base /home/riccardofeingold/ros2_learning/build/arm_robot/build install --prefix /home/riccardofeingold/ros2_learning/install/arm_robot --record /home/riccardofeingold/ros2_learning/build/arm_robot/install.log --single-version-externally-managed
