[0.422s] Invoking command in '/home/riccardofeingold/ros2_learning/src/arm_robot': PYTHONPATH=/home/riccardofeingold/ros2_learning/install/arm_robot/lib/python3.10/site-packages:${PYTHONPATH} /usr/bin/python3 setup.py egg_info --egg-base ../../build/arm_robot build --build-base /home/riccardofeingold/ros2_learning/build/arm_robot/build install --prefix /home/riccardofeingold/ros2_learning/install/arm_robot --record /home/riccardofeingold/ros2_learning/build/arm_robot/install.log --single-version-externally-managed
[0.595s] running egg_info
[0.596s] writing ../../build/arm_robot/arm_robot.egg-info/PKG-INFO
[0.596s] writing dependency_links to ../../build/arm_robot/arm_robot.egg-info/dependency_links.txt
[0.596s] writing entry points to ../../build/arm_robot/arm_robot.egg-info/entry_points.txt
[0.596s] writing requirements to ../../build/arm_robot/arm_robot.egg-info/requires.txt
[0.597s] writing top-level names to ../../build/arm_robot/arm_robot.egg-info/top_level.txt
[0.598s] reading manifest file '../../build/arm_robot/arm_robot.egg-info/SOURCES.txt'
[0.598s] writing manifest file '../../build/arm_robot/arm_robot.egg-info/SOURCES.txt'
[0.599s] running build
[0.599s] running build_py
[0.599s] running install
[0.599s] /usr/lib/python3/dist-packages/setuptools/command/install.py:34: SetuptoolsDeprecationWarning: setup.py install is deprecated. Use build and pip and other standards-based tools.
[0.599s]   warnings.warn(
[0.599s] running install_lib
[0.600s] running install_data
[0.600s] copying launch/arm_sensor_launch.py -> /home/riccardofeingold/ros2_learning/install/arm_robot/share/arm_robot
[0.601s] running install_egg_info
[0.602s] removing '/home/riccardofeingold/ros2_learning/install/arm_robot/lib/python3.10/site-packages/arm_robot-0.0.0-py3.10.egg-info' (and everything under it)
[0.602s] Copying ../../build/arm_robot/arm_robot.egg-info to /home/riccardofeingold/ros2_learning/install/arm_robot/lib/python3.10/site-packages/arm_robot-0.0.0-py3.10.egg-info
[0.603s] running install_scripts
[0.617s] writing list of installed files to '/home/riccardofeingold/ros2_learning/build/arm_robot/install.log'
[0.632s] Invoked command in '/home/riccardofeingold/ros2_learning/src/arm_robot' returned '0': PYTHONPATH=/home/riccardofeingold/ros2_learning/install/arm_robot/lib/python3.10/site-packages:${PYTHONPATH} /usr/bin/python3 setup.py egg_info --egg-base ../../build/arm_robot build --build-base /home/riccardofeingold/ros2_learning/build/arm_robot/build install --prefix /home/riccardofeingold/ros2_learning/install/arm_robot --record /home/riccardofeingold/ros2_learning/build/arm_robot/install.log --single-version-externally-managed
