-- The C compiler identification is GNU 11.3.0
-- The CXX compiler identification is GNU 11.3.0
-- Detecting C compiler ABI info
-- Detecting C compiler ABI info - done
-- Check for working C compiler: /usr/bin/cc - skipped
-- Detecting C compile features
-- Detecting C compile features - done
-- Detecting CXX compiler ABI info
-- Detecting CXX compiler ABI info - done
-- Check for working CXX compiler: /usr/bin/c++ - skipped
-- Detecting CXX compile features
-- Detecting CXX compile features - done
-- Found ament_cmake: 1.3.2 (/opt/ros/humble/share/ament_cmake/cmake)
-- Found Python3: /usr/bin/python3.10 (found version "3.10.6") found components: Interpreter 
-- Found ament_lint_auto: 0.12.4 (/opt/ros/humble/share/ament_lint_auto/cmake)
-- Added test 'lint_cmake' to check CMake code style
-- Added test 'xmllint' to check XML markup files
-- Configuring done
-- Generating done
-- Build files have been written to: /home/riccardofeingold/ros2_learning/build/slider_controller
-- Install configuration: ""
-- Installing: /home/riccardofeingold/ros2_learning/install/slider_controller/share/ament_index/resource_index/package_run_dependencies/slider_controller
-- Installing: /home/riccardofeingold/ros2_learning/install/slider_controller/share/ament_index/resource_index/parent_prefix_path/slider_controller
-- Installing: /home/riccardofeingold/ros2_learning/install/slider_controller/share/slider_controller/environment/ament_prefix_path.sh
-- Installing: /home/riccardofeingold/ros2_learning/install/slider_controller/share/slider_controller/environment/ament_prefix_path.dsv
-- Installing: /home/riccardofeingold/ros2_learning/install/slider_controller/share/slider_controller/environment/path.sh
-- Installing: /home/riccardofeingold/ros2_learning/install/slider_controller/share/slider_controller/environment/path.dsv
-- Installing: /home/riccardofeingold/ros2_learning/install/slider_controller/share/slider_controller/local_setup.bash
-- Installing: /home/riccardofeingold/ros2_learning/install/slider_controller/share/slider_controller/local_setup.sh
-- Installing: /home/riccardofeingold/ros2_learning/install/slider_controller/share/slider_controller/local_setup.zsh
-- Installing: /home/riccardofeingold/ros2_learning/install/slider_controller/share/slider_controller/local_setup.dsv
-- Installing: /home/riccardofeingold/ros2_learning/install/slider_controller/share/slider_controller/package.dsv
-- Installing: /home/riccardofeingold/ros2_learning/install/slider_controller/share/ament_index/resource_index/packages/slider_controller
-- Installing: /home/riccardofeingold/ros2_learning/install/slider_controller/share/slider_controller/cmake/slider_controllerConfig.cmake
-- Installing: /home/riccardofeingold/ros2_learning/install/slider_controller/share/slider_controller/cmake/slider_controllerConfig-version.cmake
-- Installing: /home/riccardofeingold/ros2_learning/install/slider_controller/share/slider_controller/package.xml
