[0.186s] Invoking command in '/home/riccardofeingold/ros2_learning/build/slider_controller': CMAKE_PREFIX_PATH=/home/riccardofeingold/ros2_learning/install/arm_robot:/opt/ros/humble /usr/bin/cmake /home/riccardofeingold/ros2_learning/src/slider_controller -DCMAKE_INSTALL_PREFIX=/home/riccardofeingold/ros2_learning/install/slider_controller
[0.219s] -- The C compiler identification is GNU 11.3.0
[0.255s] -- The CXX compiler identification is GNU 11.3.0
[0.260s] -- Detecting C compiler ABI info
[0.300s] -- Detecting C compiler ABI info - done
[0.306s] -- Check for working C compiler: /usr/bin/cc - skipped
[0.307s] -- Detecting C compile features
[0.307s] -- Detecting C compile features - done
[0.309s] -- Detecting CXX compiler ABI info
[0.359s] -- Detecting CXX compiler ABI info - done
[0.365s] -- Check for working CXX compiler: /usr/bin/c++ - skipped
[0.365s] -- Detecting CXX compile features
[0.365s] -- Detecting CXX compile features - done
[0.367s] -- Found ament_cmake: 1.3.2 (/opt/ros/humble/share/ament_cmake/cmake)
[0.490s] -- Found Python3: /usr/bin/python3.10 (found version "3.10.6") found components: Interpreter 
[0.558s] -- Found ament_lint_auto: 0.12.4 (/opt/ros/humble/share/ament_lint_auto/cmake)
[0.617s] -- Added test 'lint_cmake' to check CMake code style
[0.617s] -- Added test 'xmllint' to check XML markup files
[0.618s] -- Configuring done
[0.620s] -- Generating done
[0.621s] -- Build files have been written to: /home/riccardofeingold/ros2_learning/build/slider_controller
[0.625s] Invoked command in '/home/riccardofeingold/ros2_learning/build/slider_controller' returned '0': CMAKE_PREFIX_PATH=/home/riccardofeingold/ros2_learning/install/arm_robot:/opt/ros/humble /usr/bin/cmake /home/riccardofeingold/ros2_learning/src/slider_controller -DCMAKE_INSTALL_PREFIX=/home/riccardofeingold/ros2_learning/install/slider_controller
[0.626s] Invoking command in '/home/riccardofeingold/ros2_learning/build/slider_controller': CMAKE_PREFIX_PATH=/home/riccardofeingold/ros2_learning/install/arm_robot:/opt/ros/humble /usr/bin/cmake --build /home/riccardofeingold/ros2_learning/build/slider_controller -- -j8 -l8
[0.658s] Invoked command in '/home/riccardofeingold/ros2_learning/build/slider_controller' returned '0': CMAKE_PREFIX_PATH=/home/riccardofeingold/ros2_learning/install/arm_robot:/opt/ros/humble /usr/bin/cmake --build /home/riccardofeingold/ros2_learning/build/slider_controller -- -j8 -l8
[0.678s] Invoking command in '/home/riccardofeingold/ros2_learning/build/slider_controller': CMAKE_PREFIX_PATH=/home/riccardofeingold/ros2_learning/install/arm_robot:/opt/ros/humble /usr/bin/cmake --install /home/riccardofeingold/ros2_learning/build/slider_controller
[0.682s] -- Install configuration: ""
[0.683s] -- Installing: /home/riccardofeingold/ros2_learning/install/slider_controller/share/ament_index/resource_index/package_run_dependencies/slider_controller
[0.683s] -- Installing: /home/riccardofeingold/ros2_learning/install/slider_controller/share/ament_index/resource_index/parent_prefix_path/slider_controller
[0.683s] -- Installing: /home/riccardofeingold/ros2_learning/install/slider_controller/share/slider_controller/environment/ament_prefix_path.sh
[0.683s] -- Installing: /home/riccardofeingold/ros2_learning/install/slider_controller/share/slider_controller/environment/ament_prefix_path.dsv
[0.683s] -- Installing: /home/riccardofeingold/ros2_learning/install/slider_controller/share/slider_controller/environment/path.sh
[0.683s] -- Installing: /home/riccardofeingold/ros2_learning/install/slider_controller/share/slider_controller/environment/path.dsv
[0.683s] -- Installing: /home/riccardofeingold/ros2_learning/install/slider_controller/share/slider_controller/local_setup.bash
[0.683s] -- Installing: /home/riccardofeingold/ros2_learning/install/slider_controller/share/slider_controller/local_setup.sh
[0.683s] -- Installing: /home/riccardofeingold/ros2_learning/install/slider_controller/share/slider_controller/local_setup.zsh
[0.684s] -- Installing: /home/riccardofeingold/ros2_learning/install/slider_controller/share/slider_controller/local_setup.dsv
[0.684s] -- Installing: /home/riccardofeingold/ros2_learning/install/slider_controller/share/slider_controller/package.dsv
[0.684s] -- Installing: /home/riccardofeingold/ros2_learning/install/slider_controller/share/ament_index/resource_index/packages/slider_controller
[0.684s] -- Installing: /home/riccardofeingold/ros2_learning/install/slider_controller/share/slider_controller/cmake/slider_controllerConfig.cmake
[0.684s] -- Installing: /home/riccardofeingold/ros2_learning/install/slider_controller/share/slider_controller/cmake/slider_controllerConfig-version.cmake
[0.684s] -- Installing: /home/riccardofeingold/ros2_learning/install/slider_controller/share/slider_controller/package.xml
[0.687s] Invoked command in '/home/riccardofeingold/ros2_learning/build/slider_controller' returned '0': CMAKE_PREFIX_PATH=/home/riccardofeingold/ros2_learning/install/arm_robot:/opt/ros/humble /usr/bin/cmake --install /home/riccardofeingold/ros2_learning/build/slider_controller
