[0.237s] DEBUG:colcon:Command line arguments: ['/usr/bin/colcon', 'list', '-p', '--base-paths', '/home/riccardofeingold/ros2_learning']
[0.237s] DEBUG:colcon:Parsed command line arguments: Namespace(log_base=None, log_level=None, verb_name='list', build_base='build', ignore_user_meta=False, metas=['./colcon.meta'], base_paths=['/home/riccardofeingold/ros2_learning'], packages_ignore=None, packages_ignore_regex=None, paths=None, packages_up_to=None, packages_up_to_regex=None, packages_above=None, packages_above_and_dependencies=None, packages_above_depth=None, packages_select_by_dep=None, packages_skip_by_dep=None, packages_skip_up_to=None, packages_select_build_failed=False, packages_skip_build_finished=False, packages_select_test_failures=False, packages_skip_test_passed=False, packages_select=None, packages_skip=None, packages_select_regex=None, packages_skip_regex=None, packages_start=None, packages_end=None, allow_overriding=[], topological_order=False, names_only=False, paths_only=True, topological_graph=False, topological_graph_dot=False, topological_graph_density=False, topological_graph_legend=False, topological_graph_dot_cluster=False, topological_graph_dot_include_skipped=False, verb_parser=<colcon_defaults.argument_parser.defaults.DefaultArgumentsDecorator object at 0x7f15c0c5be50>, verb_extension=<colcon_package_information.verb.list.ListVerb object at 0x7f15c0e46b90>, main=<bound method ListVerb.main of <colcon_package_information.verb.list.ListVerb object at 0x7f15c0e46b90>>)
[0.256s] Level 1:colcon.colcon_core.package_discovery:discover_packages(colcon_meta) check parameters
[0.256s] Level 1:colcon.colcon_core.package_discovery:discover_packages(recursive) check parameters
[0.256s] Level 1:colcon.colcon_core.package_discovery:discover_packages(ignore) check parameters
[0.256s] Level 1:colcon.colcon_core.package_discovery:discover_packages(path) check parameters
[0.256s] Level 1:colcon.colcon_core.package_discovery:discover_packages(recursive) discover
[0.256s] INFO:colcon.colcon_core.package_discovery:Crawling recursively for packages in '/home/riccardofeingold/ros2_learning'
[0.256s] Level 1:colcon.colcon_core.package_identification:_identify(/home/riccardofeingold/ros2_learning) by extensions ['ignore', 'ignore_ament_install']
[0.256s] Level 1:colcon.colcon_core.package_identification:_identify(/home/riccardofeingold/ros2_learning) by extension 'ignore'
[0.256s] Level 1:colcon.colcon_core.package_identification:_identify(/home/riccardofeingold/ros2_learning) by extension 'ignore_ament_install'
[0.256s] Level 1:colcon.colcon_core.package_identification:_identify(/home/riccardofeingold/ros2_learning) by extensions ['colcon_pkg']
[0.256s] Level 1:colcon.colcon_core.package_identification:_identify(/home/riccardofeingold/ros2_learning) by extension 'colcon_pkg'
[0.256s] Level 1:colcon.colcon_core.package_identification:_identify(/home/riccardofeingold/ros2_learning) by extensions ['colcon_meta']
[0.256s] Level 1:colcon.colcon_core.package_identification:_identify(/home/riccardofeingold/ros2_learning) by extension 'colcon_meta'
[0.256s] Level 1:colcon.colcon_core.package_identification:_identify(/home/riccardofeingold/ros2_learning) by extensions ['ros']
[0.256s] Level 1:colcon.colcon_core.package_identification:_identify(/home/riccardofeingold/ros2_learning) by extension 'ros'
[0.267s] Level 1:colcon.colcon_core.package_identification:_identify(/home/riccardofeingold/ros2_learning) by extensions ['cmake', 'python']
[0.267s] Level 1:colcon.colcon_core.package_identification:_identify(/home/riccardofeingold/ros2_learning) by extension 'cmake'
[0.267s] Level 1:colcon.colcon_core.package_identification:_identify(/home/riccardofeingold/ros2_learning) by extension 'python'
[0.267s] Level 1:colcon.colcon_core.package_identification:_identify(/home/riccardofeingold/ros2_learning) by extensions ['python_setup_py']
[0.267s] Level 1:colcon.colcon_core.package_identification:_identify(/home/riccardofeingold/ros2_learning) by extension 'python_setup_py'
[0.267s] Level 1:colcon.colcon_core.package_identification:_identify(/home/riccardofeingold/ros2_learning/build) by extensions ['ignore', 'ignore_ament_install']
[0.267s] Level 1:colcon.colcon_core.package_identification:_identify(/home/riccardofeingold/ros2_learning/build) by extension 'ignore'
[0.267s] Level 1:colcon.colcon_core.package_identification:_identify(/home/riccardofeingold/ros2_learning/build) ignored
[0.267s] Level 1:colcon.colcon_core.package_identification:_identify(/home/riccardofeingold/ros2_learning/install) by extensions ['ignore', 'ignore_ament_install']
[0.268s] Level 1:colcon.colcon_core.package_identification:_identify(/home/riccardofeingold/ros2_learning/install) by extension 'ignore'
[0.268s] Level 1:colcon.colcon_core.package_identification:_identify(/home/riccardofeingold/ros2_learning/install) ignored
[0.268s] Level 1:colcon.colcon_core.package_identification:_identify(/home/riccardofeingold/ros2_learning/log) by extensions ['ignore', 'ignore_ament_install']
[0.268s] Level 1:colcon.colcon_core.package_identification:_identify(/home/riccardofeingold/ros2_learning/log) by extension 'ignore'
[0.268s] Level 1:colcon.colcon_core.package_identification:_identify(/home/riccardofeingold/ros2_learning/log) ignored
[0.268s] Level 1:colcon.colcon_core.package_identification:_identify(/home/riccardofeingold/ros2_learning/src) by extensions ['ignore', 'ignore_ament_install']
[0.268s] Level 1:colcon.colcon_core.package_identification:_identify(/home/riccardofeingold/ros2_learning/src) by extension 'ignore'
[0.268s] Level 1:colcon.colcon_core.package_identification:_identify(/home/riccardofeingold/ros2_learning/src) by extension 'ignore_ament_install'
[0.268s] Level 1:colcon.colcon_core.package_identification:_identify(/home/riccardofeingold/ros2_learning/src) by extensions ['colcon_pkg']
[0.268s] Level 1:colcon.colcon_core.package_identification:_identify(/home/riccardofeingold/ros2_learning/src) by extension 'colcon_pkg'
[0.268s] Level 1:colcon.colcon_core.package_identification:_identify(/home/riccardofeingold/ros2_learning/src) by extensions ['colcon_meta']
[0.268s] Level 1:colcon.colcon_core.package_identification:_identify(/home/riccardofeingold/ros2_learning/src) by extension 'colcon_meta'
[0.268s] Level 1:colcon.colcon_core.package_identification:_identify(/home/riccardofeingold/ros2_learning/src) by extensions ['ros']
[0.268s] Level 1:colcon.colcon_core.package_identification:_identify(/home/riccardofeingold/ros2_learning/src) by extension 'ros'
[0.268s] Level 1:colcon.colcon_core.package_identification:_identify(/home/riccardofeingold/ros2_learning/src) by extensions ['cmake', 'python']
[0.268s] Level 1:colcon.colcon_core.package_identification:_identify(/home/riccardofeingold/ros2_learning/src) by extension 'cmake'
[0.268s] Level 1:colcon.colcon_core.package_identification:_identify(/home/riccardofeingold/ros2_learning/src) by extension 'python'
[0.268s] Level 1:colcon.colcon_core.package_identification:_identify(/home/riccardofeingold/ros2_learning/src) by extensions ['python_setup_py']
[0.268s] Level 1:colcon.colcon_core.package_identification:_identify(/home/riccardofeingold/ros2_learning/src) by extension 'python_setup_py'
[0.269s] Level 1:colcon.colcon_core.package_identification:_identify(/home/riccardofeingold/ros2_learning/src/3DOFs_arm) by extensions ['ignore', 'ignore_ament_install']
[0.269s] Level 1:colcon.colcon_core.package_identification:_identify(/home/riccardofeingold/ros2_learning/src/3DOFs_arm) by extension 'ignore'
[0.269s] Level 1:colcon.colcon_core.package_identification:_identify(/home/riccardofeingold/ros2_learning/src/3DOFs_arm) by extension 'ignore_ament_install'
[0.269s] Level 1:colcon.colcon_core.package_identification:_identify(/home/riccardofeingold/ros2_learning/src/3DOFs_arm) by extensions ['colcon_pkg']
[0.269s] Level 1:colcon.colcon_core.package_identification:_identify(/home/riccardofeingold/ros2_learning/src/3DOFs_arm) by extension 'colcon_pkg'
[0.269s] Level 1:colcon.colcon_core.package_identification:_identify(/home/riccardofeingold/ros2_learning/src/3DOFs_arm) by extensions ['colcon_meta']
[0.269s] Level 1:colcon.colcon_core.package_identification:_identify(/home/riccardofeingold/ros2_learning/src/3DOFs_arm) by extension 'colcon_meta'
[0.269s] Level 1:colcon.colcon_core.package_identification:_identify(/home/riccardofeingold/ros2_learning/src/3DOFs_arm) by extensions ['ros']
[0.269s] Level 1:colcon.colcon_core.package_identification:_identify(/home/riccardofeingold/ros2_learning/src/3DOFs_arm) by extension 'ros'
[0.271s] DEBUG:colcon.colcon_core.package_identification:Package '/home/riccardofeingold/ros2_learning/src/3DOFs_arm' with type 'ros.ament_python' and name '3DOFs_arm'
[0.271s] Level 1:colcon.colcon_core.package_discovery:discover_packages(recursive) using defaults
